[0m00:03:42.648773 [debug] [MainThread]: Sending event: {'category': 'dbt', 'action': 'invocation', 'label': 'start', 'context': [<snowplow_tracker.self_describing_json.SelfDescribingJson object at 0x10e42b440>, <snowplow_tracker.self_describing_json.SelfDescribingJson object at 0x10dfd5880>, <snowplow_tracker.self_describing_json.SelfDescribingJson object at 0x10e735ca0>]}


============================== 00:03:42.657172 | 6d08b5e8-5e2d-4159-8a5f-916edcae7a2a ==============================
[0m00:03:42.657172 [info ] [MainThread]: Running with dbt=1.7.8
[0m00:03:42.658840 [debug] [MainThread]: running dbt with arguments {'printer_width': '80', 'indirect_selection': 'eager', 'log_cache_events': 'False', 'write_json': 'True', 'partial_parse': 'True', 'cache_selected_only': 'False', 'profiles_dir': '/Users/kennethchinedu/.dbt', 'version_check': 'True', 'debug': 'False', 'log_path': 'logs', 'fail_fast': 'False', 'warn_error': 'None', 'use_colors': 'True', 'use_experimental_parser': 'False', 'no_print': 'None', 'quiet': 'False', 'warn_error_options': 'WarnErrorOptions(include=[], exclude=[])', 'introspect': 'True', 'invocation_command': 'dbt init', 'static_parser': 'True', 'target_path': 'None', 'log_format': 'default', 'send_anonymous_usage_stats': 'True'}
[0m00:03:55.148127 [debug] [MainThread]: Starter project path: /Library/Frameworks/Python.framework/Versions/3.12/lib/python3.12/site-packages/dbt/include/starter_project
[0m00:03:55.165445 [info ] [MainThread]: 
Your new dbt project "olist_ecommerce" was created!

For more information on how to configure the profiles.yml file,
please consult the dbt documentation here:

  https://docs.getdbt.com/docs/configure-your-profile

One more thing:

Need help? Don't hesitate to reach out to us via GitHub issues or on Slack:

  https://community.getdbt.com/

Happy modeling!

[0m00:03:55.166567 [info ] [MainThread]: Setting up your profile.
[0m00:05:39.654865 [info ] [MainThread]: Profile olist_ecommerce written to /Users/kennethchinedu/.dbt/profiles.yml using target's profile_template.yml and your supplied values. Run 'dbt debug' to validate the connection.
[0m00:05:39.710496 [debug] [MainThread]: Resource report: {"command_name": "init", "command_success": true, "command_wall_clock_time": 117.09416, "process_user_time": 3.92472, "process_kernel_time": 1.062358, "process_mem_max_rss": "162111488", "process_in_blocks": "0", "process_out_blocks": "0"}
[0m00:05:39.711271 [debug] [MainThread]: Command `dbt init` succeeded at 00:05:39.711103 after 117.10 seconds
[0m00:05:39.711746 [debug] [MainThread]: Sending event: {'category': 'dbt', 'action': 'invocation', 'label': 'end', 'context': [<snowplow_tracker.self_describing_json.SelfDescribingJson object at 0x10e08e630>, <snowplow_tracker.self_describing_json.SelfDescribingJson object at 0x11c5e0e60>, <snowplow_tracker.self_describing_json.SelfDescribingJson object at 0x11c5438f0>]}
[0m00:05:39.712232 [debug] [MainThread]: Flushing usage events
[0m00:05:46.195804 [debug] [MainThread]: Sending event: {'category': 'dbt', 'action': 'invocation', 'label': 'start', 'context': [<snowplow_tracker.self_describing_json.SelfDescribingJson object at 0x10afc82c0>, <snowplow_tracker.self_describing_json.SelfDescribingJson object at 0x10aff62a0>, <snowplow_tracker.self_describing_json.SelfDescribingJson object at 0x10aff5e20>]}


============================== 00:05:46.200041 | b6e51fe5-dcfd-4137-a634-4ee9ba57a76f ==============================
[0m00:05:46.200041 [info ] [MainThread]: Running with dbt=1.7.8
[0m00:05:46.200792 [debug] [MainThread]: running dbt with arguments {'printer_width': '80', 'indirect_selection': 'eager', 'write_json': 'True', 'log_cache_events': 'False', 'partial_parse': 'True', 'cache_selected_only': 'False', 'profiles_dir': '/Users/kennethchinedu/.dbt', 'version_check': 'True', 'debug': 'False', 'log_path': 'logs', 'warn_error': 'None', 'fail_fast': 'False', 'use_colors': 'True', 'use_experimental_parser': 'False', 'no_print': 'None', 'quiet': 'False', 'log_format': 'default', 'invocation_command': 'dbt debug', 'warn_error_options': 'WarnErrorOptions(include=[], exclude=[])', 'static_parser': 'True', 'target_path': 'None', 'introspect': 'True', 'send_anonymous_usage_stats': 'True'}
[0m00:05:46.201563 [info ] [MainThread]: dbt version: 1.7.8
[0m00:05:46.202031 [info ] [MainThread]: python version: 3.12.2
[0m00:05:46.202501 [info ] [MainThread]: python path: /usr/local/bin/python3
[0m00:05:46.202957 [info ] [MainThread]: os info: macOS-13.6.4-x86_64-i386-64bit
[0m00:05:47.093195 [info ] [MainThread]: Error importing adapter: No module named 'dbt.adapters.redshift'
[0m00:05:47.105739 [info ] [MainThread]: Using profiles dir at /Users/kennethchinedu/.dbt
[0m00:05:47.106692 [info ] [MainThread]: Using profiles.yml file at /Users/kennethchinedu/.dbt/profiles.yml
[0m00:05:47.107792 [info ] [MainThread]: Using dbt_project.yml file at /Users/kennethchinedu/Desktop/DE/DBT_project/Dbt_airflow_project/dags/dbt/dbt_project.yml
[0m00:05:47.108773 [info ] [MainThread]: Configuration:
[0m00:05:47.109290 [info ] [MainThread]:   profiles.yml file [[31mERROR invalid[0m]
[0m00:05:47.109757 [info ] [MainThread]:   dbt_project.yml file [[31mERROR not found[0m]
[0m00:05:47.110225 [info ] [MainThread]: Required dependencies:
[0m00:05:47.110773 [debug] [MainThread]: Executing "git --help"
[0m00:05:47.124867 [debug] [MainThread]: STDOUT: "b"usage: git [-v | --version] [-h | --help] [-C <path>] [-c <name>=<value>]\n           [--exec-path[=<path>]] [--html-path] [--man-path] [--info-path]\n           [-p | --paginate | -P | --no-pager] [--no-replace-objects] [--bare]\n           [--git-dir=<path>] [--work-tree=<path>] [--namespace=<name>]\n           [--config-env=<name>=<envvar>] <command> [<args>]\n\nThese are common Git commands used in various situations:\n\nstart a working area (see also: git help tutorial)\n   clone     Clone a repository into a new directory\n   init      Create an empty Git repository or reinitialize an existing one\n\nwork on the current change (see also: git help everyday)\n   add       Add file contents to the index\n   mv        Move or rename a file, a directory, or a symlink\n   restore   Restore working tree files\n   rm        Remove files from the working tree and from the index\n\nexamine the history and state (see also: git help revisions)\n   bisect    Use binary search to find the commit that introduced a bug\n   diff      Show changes between commits, commit and working tree, etc\n   grep      Print lines matching a pattern\n   log       Show commit logs\n   show      Show various types of objects\n   status    Show the working tree status\n\ngrow, mark and tweak your common history\n   branch    List, create, or delete branches\n   commit    Record changes to the repository\n   merge     Join two or more development histories together\n   rebase    Reapply commits on top of another base tip\n   reset     Reset current HEAD to the specified state\n   switch    Switch branches\n   tag       Create, list, delete or verify a tag object signed with GPG\n\ncollaborate (see also: git help workflows)\n   fetch     Download objects and refs from another repository\n   pull      Fetch from and integrate with another repository or a local branch\n   push      Update remote refs along with associated objects\n\n'git help -a' and 'git help -g' list available subcommands and some\nconcept guides. See 'git help <command>' or 'git help <concept>'\nto read about a specific subcommand or concept.\nSee 'git help git' for an overview of the system.\n""
[0m00:05:47.125894 [debug] [MainThread]: STDERR: "b''"
[0m00:05:47.126544 [info ] [MainThread]:  - git [[32mOK found[0m]

[0m00:05:47.127121 [info ] [MainThread]: Connection test skipped since no profile was found
[0m00:05:47.127773 [info ] [MainThread]: [31m2 checks failed:[0m
[0m00:05:47.128230 [info ] [MainThread]: Could not load dbt_project.yml
Profile loading failed for the following reason:
Runtime Error
  Credentials in profile "green_taxi", target "dev" invalid: Runtime Error
    Could not find adapter type redshift!


[0m00:05:47.129127 [info ] [MainThread]: Project loading failed for the following reason:
 project path </Users/kennethchinedu/Desktop/DE/DBT_project/Dbt_airflow_project/dags/dbt/dbt_project.yml> not found

[0m00:05:47.131857 [debug] [MainThread]: Resource report: {"command_name": "debug", "command_wall_clock_time": 1.0190947, "process_user_time": 2.986036, "process_kernel_time": 0.351221, "process_mem_max_rss": "163340288", "command_success": false, "process_in_blocks": "0", "process_out_blocks": "0"}
[0m00:05:47.133117 [debug] [MainThread]: Command `dbt debug` failed at 00:05:47.132863 after 1.02 seconds
[0m00:05:47.133859 [debug] [MainThread]: Sending event: {'category': 'dbt', 'action': 'invocation', 'label': 'end', 'context': [<snowplow_tracker.self_describing_json.SelfDescribingJson object at 0x10a9dd520>, <snowplow_tracker.self_describing_json.SelfDescribingJson object at 0x118fbb7a0>, <snowplow_tracker.self_describing_json.SelfDescribingJson object at 0x118b04440>]}
[0m00:05:47.135068 [debug] [MainThread]: Flushing usage events
